Determining if the pthread_create exist failed with the following output:
Change Dir: /home/aziz/catkin_ws/src/slam/build/CMakeFiles/CMakeTmp

Run Build Command:"/usr/bin/make" "cmTC_18cf1/fast"
/usr/bin/make -f CMakeFiles/cmTC_18cf1.dir/build.make CMakeFiles/cmTC_18cf1.dir/build
make[1]: Entering directory '/home/aziz/catkin_ws/src/slam/build/CMakeFiles/CMakeTmp'
Building CXX object CMakeFiles/cmTC_18cf1.dir/CheckSymbolExists.cxx.o
/usr/bin/c++    -std=gnu++14 -o CMakeFiles/cmTC_18cf1.dir/CheckSymbolExists.cxx.o -c /home/aziz/catkin_ws/src/slam/build/CMakeFiles/CMakeTmp/CheckSymbolExists.cxx
Linking CXX executable cmTC_18cf1
/usr/bin/cmake -E cmake_link_script CMakeFiles/cmTC_18cf1.dir/link.txt --verbose=1
/usr/bin/c++       CMakeFiles/cmTC_18cf1.dir/CheckSymbolExists.cxx.o  -o cmTC_18cf1 
CMakeFiles/cmTC_18cf1.dir/CheckSymbolExists.cxx.o: In function `main':
CheckSymbolExists.cxx:(.text+0x1b): undefined reference to `pthread_create'
collect2: error: ld returned 1 exit status
CMakeFiles/cmTC_18cf1.dir/build.make:97: recipe for target 'cmTC_18cf1' failed
make[1]: *** [cmTC_18cf1] Error 1
make[1]: Leaving directory '/home/aziz/catkin_ws/src/slam/build/CMakeFiles/CMakeTmp'
Makefile:126: recipe for target 'cmTC_18cf1/fast' failed
make: *** [cmTC_18cf1/fast] Error 2

File /home/aziz/catkin_ws/src/slam/build/CMakeFiles/CMakeTmp/CheckSymbolExists.cxx:
/* */
#include <pthread.h>

int main(int argc, char** argv)
{
  (void)argv;
#ifndef pthread_create
  return ((int*)(&pthread_create))[argc];
#else
  (void)argc;
  return 0;
#endif
}

Determining if the function pthread_create exists in the pthreads failed with the following output:
Change Dir: /home/aziz/catkin_ws/src/slam/build/CMakeFiles/CMakeTmp

Run Build Command:"/usr/bin/make" "cmTC_0314e/fast"
/usr/bin/make -f CMakeFiles/cmTC_0314e.dir/build.make CMakeFiles/cmTC_0314e.dir/build
make[1]: Entering directory '/home/aziz/catkin_ws/src/slam/build/CMakeFiles/CMakeTmp'
Building CXX object CMakeFiles/cmTC_0314e.dir/CheckFunctionExists.cxx.o
/usr/bin/c++    -DCHECK_FUNCTION_EXISTS=pthread_create   -std=gnu++14 -o CMakeFiles/cmTC_0314e.dir/CheckFunctionExists.cxx.o -c /home/aziz/catkin_ws/src/slam/build/CMakeFiles/CheckLibraryExists/CheckFunctionExists.cxx
Linking CXX executable cmTC_0314e
/usr/bin/cmake -E cmake_link_script CMakeFiles/cmTC_0314e.dir/link.txt --verbose=1
/usr/bin/c++   -DCHECK_FUNCTION_EXISTS=pthread_create    CMakeFiles/cmTC_0314e.dir/CheckFunctionExists.cxx.o  -o cmTC_0314e -lpthreads 
/usr/bin/ld: cannot find -lpthreads
collect2: error: ld returned 1 exit status
CMakeFiles/cmTC_0314e.dir/build.make:97: recipe for target 'cmTC_0314e' failed
make[1]: *** [cmTC_0314e] Error 1
make[1]: Leaving directory '/home/aziz/catkin_ws/src/slam/build/CMakeFiles/CMakeTmp'
Makefile:126: recipe for target 'cmTC_0314e/fast' failed
make: *** [cmTC_0314e/fast] Error 2


