Determining if the pthread_create exist failed with the following output:
Change Dir: /home/aziz/catkin_ws/src/ceres_build/CMakeFiles/CMakeTmp

Run Build Command:"/usr/bin/make" "cmTC_5de80/fast"
/usr/bin/make -f CMakeFiles/cmTC_5de80.dir/build.make CMakeFiles/cmTC_5de80.dir/build
make[1]: Entering directory '/home/aziz/catkin_ws/src/ceres_build/CMakeFiles/CMakeTmp'
Building C object CMakeFiles/cmTC_5de80.dir/CheckSymbolExists.c.o
/usr/bin/cc    -o CMakeFiles/cmTC_5de80.dir/CheckSymbolExists.c.o   -c /home/aziz/catkin_ws/src/ceres_build/CMakeFiles/CMakeTmp/CheckSymbolExists.c
Linking C executable cmTC_5de80
/usr/bin/cmake -E cmake_link_script CMakeFiles/cmTC_5de80.dir/link.txt --verbose=1
/usr/bin/cc      CMakeFiles/cmTC_5de80.dir/CheckSymbolExists.c.o  -o cmTC_5de80 
CMakeFiles/cmTC_5de80.dir/CheckSymbolExists.c.o: In function `main':
CheckSymbolExists.c:(.text+0x1b): undefined reference to `pthread_create'
collect2: error: ld returned 1 exit status
CMakeFiles/cmTC_5de80.dir/build.make:97: recipe for target 'cmTC_5de80' failed
make[1]: *** [cmTC_5de80] Error 1
make[1]: Leaving directory '/home/aziz/catkin_ws/src/ceres_build/CMakeFiles/CMakeTmp'
Makefile:126: recipe for target 'cmTC_5de80/fast' failed
make: *** [cmTC_5de80/fast] Error 2

File /home/aziz/catkin_ws/src/ceres_build/CMakeFiles/CMakeTmp/CheckSymbolExists.c:
/* */
#include <pthread.h>

int main(int argc, char** argv)
{
  (void)argv;
#ifndef pthread_create
  return ((int*)(&pthread_create))[argc];
#else
  (void)argc;
  return 0;
#endif
}

Determining if the function pthread_create exists in the pthreads failed with the following output:
Change Dir: /home/aziz/catkin_ws/src/ceres_build/CMakeFiles/CMakeTmp

Run Build Command:"/usr/bin/make" "cmTC_f88fd/fast"
/usr/bin/make -f CMakeFiles/cmTC_f88fd.dir/build.make CMakeFiles/cmTC_f88fd.dir/build
make[1]: Entering directory '/home/aziz/catkin_ws/src/ceres_build/CMakeFiles/CMakeTmp'
Building C object CMakeFiles/cmTC_f88fd.dir/CheckFunctionExists.c.o
/usr/bin/cc   -DCHECK_FUNCTION_EXISTS=pthread_create   -o CMakeFiles/cmTC_f88fd.dir/CheckFunctionExists.c.o   -c /usr/share/cmake-3.10/Modules/CheckFunctionExists.c
Linking C executable cmTC_f88fd
/usr/bin/cmake -E cmake_link_script CMakeFiles/cmTC_f88fd.dir/link.txt --verbose=1
/usr/bin/cc  -DCHECK_FUNCTION_EXISTS=pthread_create    CMakeFiles/cmTC_f88fd.dir/CheckFunctionExists.c.o  -o cmTC_f88fd -lpthreads 
/usr/bin/ld: cannot find -lpthreads
collect2: error: ld returned 1 exit status
CMakeFiles/cmTC_f88fd.dir/build.make:97: recipe for target 'cmTC_f88fd' failed
make[1]: *** [cmTC_f88fd] Error 1
make[1]: Leaving directory '/home/aziz/catkin_ws/src/ceres_build/CMakeFiles/CMakeTmp'
Makefile:126: recipe for target 'cmTC_f88fd/fast' failed
make: *** [cmTC_f88fd/fast] Error 2


